<?xml version="1.0" encoding="UTF-8"?>
<!-- Generated by org.testng.reporters.JUnitReportReporter -->
<testsuite hostname="LAPTOP-2NJQ6KAJ" failures="0" tests="1" name="testpkg.opencarttest" time="12.019" errors="0" timestamp="2024-12-13T20:54:28 IST" skipped="0">
  <testcase classname="testpkg.opencarttest" name="test" time="12.019"/>
  <system-out/>
</testsuite> <!-- testpkg.opencarttest -->
